<?xml version="1.0" encoding="UTF-8"?>
<!-- Generated by org.testng.reporters.JUnitReportReporter -->
<testsuite hostname="DESKTOP-B961A44" failures="0" tests="1" name="Framework.Desgin.Tests.CheckoutpageTest" time="4.104" errors="0" timestamp="2025-07-16T18:56:11 GMT-04:00" skipped="0">
  <testcase classname="Framework.Desgin.Tests.CheckoutpageTest" name="testCheckoutPage" time="4.104"/>
</testsuite> <!-- Framework.Desgin.Tests.CheckoutpageTest -->
