<?xml version="1.0" encoding="UTF-8"?>
<!-- Generated by org.testng.reporters.JUnitReportReporter -->
<testsuite hostname="DESKTOP-B961A44" failures="0" tests="8" name="Framework.Desgin.Tests.LoginTest" time="42.230" errors="0" timestamp="2025-07-10T15:09:14 GMT-04:00" skipped="0">
  <testcase classname="Framework.Desgin.Tests.LoginTest" name="loginWithEmptyUsername" time="2.973"/>
  <testcase classname="Framework.Desgin.Tests.LoginTest" name="loginWithInvalidUserName" time="2.393"/>
  <testcase classname="Framework.Desgin.Tests.LoginTest" name="loginWithlock_outUserCredentials" time="4.344"/>
  <testcase classname="Framework.Desgin.Tests.LoginTest" name="loginWithEmptyCredentials" time="4.009"/>
  <testcase classname="Framework.Desgin.Tests.LoginTest" name="loginWithInvalidPassword" time="7.489"/>
  <testcase classname="Framework.Desgin.Tests.LoginTest" name="testValidLogin" time="8.819"/>
  <testcase classname="Framework.Desgin.Tests.LoginTest" name="testValidLogin" time="9.495"/>
  <testcase classname="Framework.Desgin.Tests.LoginTest" name="loginWithEmptyPassword" time="2.708"/>
</testsuite> <!-- Framework.Desgin.Tests.LoginTest -->
