<?xml version="1.0" encoding="UTF-8"?>
<!-- Generated by org.testng.reporters.JUnitReportReporter -->
<testsuite hostname="DESKTOP-B961A44" failures="0" tests="1" name="Framework.Desgin.Tests.CartpageTest" time="4.340" errors="0" timestamp="2025-07-16T18:56:11 GMT-04:00" skipped="0">
  <testcase classname="Framework.Desgin.Tests.CartpageTest" name="testCartPage" time="4.340"/>
</testsuite> <!-- Framework.Desgin.Tests.CartpageTest -->
