<?xml version="1.0" encoding="UTF-8"?>
<!-- Generated by org.testng.reporters.JUnitReportReporter -->
<testsuite hostname="DESKTOP-B961A44" failures="0" tests="1" name="Framework.Desgin.Tests.EndToEndTest" time="12.482" errors="0" timestamp="2025-07-10T15:09:14 GMT-04:00" skipped="0">
  <testcase classname="Framework.Desgin.Tests.EndToEndTest" name="CompleteEndToEndTest" time="12.482"/>
</testsuite> <!-- Framework.Desgin.Tests.EndToEndTest -->
