<?xml version="1.0" encoding="UTF-8"?>
<!-- Generated by org.testng.reporters.JUnitReportReporter -->
<testsuite hostname="DESKTOP-B961A44" failures="0" tests="2" name="Framework.Desgin.Tests.HomepageTest" time="11.978" errors="0" timestamp="2025-07-16T18:56:11 GMT-04:00" skipped="0">
  <testcase classname="Framework.Desgin.Tests.HomepageTest" name="testHomepageElements" time="6.040"/>
  <testcase classname="Framework.Desgin.Tests.HomepageTest" name="logoutTest" time="5.938"/>
</testsuite> <!-- Framework.Desgin.Tests.HomepageTest -->
