<?xml version="1.0" encoding="UTF-8"?>
<!-- Generated by org.testng.reporters.JUnitReportReporter -->
<testsuite hostname="DESKTOP-B961A44" failures="0" tests="12" name="Cucumber.TestRunner" time="26.066" errors="0" timestamp="2025-07-17T17:05:29 GMT-04:00" skipped="0">
  <testcase classname="Cucumber.TestRunner" name="runScenario" time="1.612"/>
  <testcase classname="Cucumber.TestRunner" name="runScenario" time="1.647"/>
  <testcase classname="Cucumber.TestRunner" name="runScenario" time="1.586"/>
  <testcase classname="Cucumber.TestRunner" name="runScenario" time="3.776"/>
  <testcase classname="Cucumber.TestRunner" name="runScenario" time="2.515"/>
  <testcase classname="Cucumber.TestRunner" name="runScenario" time="2.633"/>
  <testcase classname="Cucumber.TestRunner" name="runScenario" time="1.626"/>
  <testcase classname="Cucumber.TestRunner" name="runScenario" time="2.022"/>
  <testcase classname="Cucumber.TestRunner" name="runScenario" time="1.615"/>
  <testcase classname="Cucumber.TestRunner" name="runScenario" time="2.556"/>
  <testcase classname="Cucumber.TestRunner" name="runScenario" time="1.663"/>
  <testcase classname="Cucumber.TestRunner" name="runScenario" time="2.815"/>
</testsuite> <!-- Cucumber.TestRunner -->
