<?xml version="1.0" encoding="UTF-8"?>
<!-- Generated by org.testng.reporters.JUnitReportReporter -->
<testsuite hostname="DESKTOP-B961A44" failures="0" tests="1" name="Framework.Desgin.Tests.EndToEndTest" time="10.364" errors="0" timestamp="2025-07-16T18:56:11 GMT-04:00" skipped="0">
  <testcase classname="Framework.Desgin.Tests.EndToEndTest" name="CompleteEndToEndTest" time="10.364"/>
</testsuite> <!-- Framework.Desgin.Tests.EndToEndTest -->
