<?xml version="1.0" encoding="UTF-8"?>
<!-- Generated by org.testng.reporters.JUnitReportReporter -->
<testsuite hostname="DESKTOP-B961A44" failures="0" tests="3" name="Framework.Desgin.Tests.HomepageTest" time="15.267" errors="0" timestamp="2025-07-11T17:42:32 GMT-04:00" skipped="1">
  <testcase classname="Framework.Desgin.Tests.HomepageTest" name="logoutTest" time="3.624">
    <skipped/>
  </testcase> <!-- logoutTest -->
  <testcase classname="Framework.Desgin.Tests.HomepageTest" name="logoutTest" time="6.075"/>
  <testcase classname="Framework.Desgin.Tests.HomepageTest" name="testHomepageElements" time="5.568"/>
</testsuite> <!-- Framework.Desgin.Tests.HomepageTest -->
