<?xml version="1.0" encoding="UTF-8"?>
<!-- Generated by org.testng.reporters.JUnitReportReporter -->
<testsuite hostname="DESKTOP-B961A44" failures="0" tests="2" name="Framework.Desgin.Tests.HomepageTest" time="10.166" errors="0" timestamp="2025-07-10T15:09:14 GMT-04:00" skipped="0">
  <testcase classname="Framework.Desgin.Tests.HomepageTest" name="testHomepageElements" time="5.124"/>
  <testcase classname="Framework.Desgin.Tests.HomepageTest" name="logoutTest" time="5.042"/>
</testsuite> <!-- Framework.Desgin.Tests.HomepageTest -->
