<?xml version="1.0" encoding="UTF-8"?>
<!-- Generated by org.testng.reporters.JUnitReportReporter -->
<testsuite hostname="DESKTOP-B961A44" failures="0" tests="8" name="Framework.Desgin.Tests.LoginTest" time="34.609" errors="0" timestamp="2025-07-11T17:42:32 GMT-04:00" skipped="0">
  <testcase classname="Framework.Desgin.Tests.LoginTest" name="loginWithEmptyUsername" time="2.983"/>
  <testcase classname="Framework.Desgin.Tests.LoginTest" name="loginWithEmptyCredentials" time="3.459"/>
  <testcase classname="Framework.Desgin.Tests.LoginTest" name="loginWithlock_outUserCredentials" time="5.232"/>
  <testcase classname="Framework.Desgin.Tests.LoginTest" name="loginWithEmptyPassword" time="2.165"/>
  <testcase classname="Framework.Desgin.Tests.LoginTest" name="testValidLogin" time="6.465"/>
  <testcase classname="Framework.Desgin.Tests.LoginTest" name="testValidLogin" time="6.498"/>
  <testcase classname="Framework.Desgin.Tests.LoginTest" name="loginWithInvalidUserName" time="2.513"/>
  <testcase classname="Framework.Desgin.Tests.LoginTest" name="loginWithInvalidPassword" time="5.294"/>
</testsuite> <!-- Framework.Desgin.Tests.LoginTest -->
