<?xml version="1.0" encoding="UTF-8"?>
<!-- Generated by org.testng.reporters.JUnitReportReporter -->
<testsuite hostname="DESKTOP-B961A44" failures="0" tests="8" name="Framework.Desgin.Tests.LoginTest" time="33.648" errors="0" timestamp="2025-07-16T18:56:11 GMT-04:00" skipped="0">
  <testcase classname="Framework.Desgin.Tests.LoginTest" name="loginWithEmptyUsername" time="2.520"/>
  <testcase classname="Framework.Desgin.Tests.LoginTest" name="loginWithInvalidPassword" time="4.242"/>
  <testcase classname="Framework.Desgin.Tests.LoginTest" name="testValidLogin" time="6.502"/>
  <testcase classname="Framework.Desgin.Tests.LoginTest" name="loginWithlock_outUserCredentials" time="2.173"/>
  <testcase classname="Framework.Desgin.Tests.LoginTest" name="loginWithEmptyPassword" time="2.664"/>
  <testcase classname="Framework.Desgin.Tests.LoginTest" name="loginWithInvalidUserName" time="2.427"/>
  <testcase classname="Framework.Desgin.Tests.LoginTest" name="testValidLogin" time="6.707"/>
  <testcase classname="Framework.Desgin.Tests.LoginTest" name="loginWithEmptyCredentials" time="6.413"/>
</testsuite> <!-- Framework.Desgin.Tests.LoginTest -->
