<?xml version="1.0" encoding="UTF-8"?>
<!-- Generated by org.testng.reporters.JUnitReportReporter -->
<testsuite hostname="DESKTOP-B961A44" failures="0" tests="3" name="Framework.Desgin.Tests.LoginTest" time="31.481" errors="0" timestamp="2025-07-10T15:38:41 GMT-04:00" skipped="0">
  <testcase classname="Framework.Desgin.Tests.LoginTest" name="testValidLogin" time="10.456"/>
  <testcase classname="Framework.Desgin.Tests.LoginTest" name="testValidLogin" time="10.543"/>
  <testcase classname="Framework.Desgin.Tests.LoginTest" name="testValidLogin" time="10.482"/>
</testsuite> <!-- Framework.Desgin.Tests.LoginTest -->
