<?xml version="1.0" encoding="UTF-8"?>
<!-- Generated by org.testng.reporters.JUnitReportReporter -->
<testsuite hostname="DESKTOP-B961A44" failures="0" tests="1" name="Framework.Desgin.Tests.LoginTest" time="2.601" errors="0" timestamp="2025-07-17T17:15:20 GMT-04:00" skipped="0">
  <testcase classname="Framework.Desgin.Tests.LoginTest" name="testValidLogin" time="2.601"/>
</testsuite> <!-- Framework.Desgin.Tests.LoginTest -->
