<?xml version="1.0" encoding="UTF-8"?>
<!-- Generated by org.testng.reporters.JUnitReportReporter -->
<testsuite hostname="DESKTOP-B961A44" failures="0" tests="18" name="Framework.Desgin.Tests.LoginTest" time="72.101" errors="0" timestamp="2025-07-11T17:46:37 GMT-04:00" skipped="0">
  <testcase classname="Framework.Desgin.Tests.LoginTest" name="loginWithInvalidUserName" time="4.281"/>
  <testcase classname="Framework.Desgin.Tests.LoginTest" name="loginWithInvalidUserName" time="3.831"/>
  <testcase classname="Framework.Desgin.Tests.LoginTest" name="loginWithInvalidPassword" time="3.936"/>
  <testcase classname="Framework.Desgin.Tests.LoginTest" name="loginWithInvalidPassword" time="3.820"/>
  <testcase classname="Framework.Desgin.Tests.LoginTest" name="loginWithEmptyPassword" time="3.845"/>
  <testcase classname="Framework.Desgin.Tests.LoginTest" name="loginWithEmptyUsername" time="4.825"/>
  <testcase classname="Framework.Desgin.Tests.LoginTest" name="loginWithlock_outUserCredentials" time="3.930"/>
  <testcase classname="Framework.Desgin.Tests.LoginTest" name="loginWithEmptyUsername" time="3.667"/>
  <testcase classname="Framework.Desgin.Tests.LoginTest" name="loginWithEmptyCredentials" time="3.211"/>
  <testcase classname="Framework.Desgin.Tests.LoginTest" name="loginWithEmptyPassword" time="3.707"/>
  <testcase classname="Framework.Desgin.Tests.LoginTest" name="loginWithEmptyCredentials" time="4.040"/>
  <testcase classname="Framework.Desgin.Tests.LoginTest" name="loginWithEmptyUsername" time="3.421"/>
  <testcase classname="Framework.Desgin.Tests.LoginTest" name="loginWithlock_outUserCredentials" time="4.817"/>
  <testcase classname="Framework.Desgin.Tests.LoginTest" name="loginWithEmptyPassword" time="3.908"/>
  <testcase classname="Framework.Desgin.Tests.LoginTest" name="loginWithInvalidPassword" time="4.736"/>
  <testcase classname="Framework.Desgin.Tests.LoginTest" name="loginWithInvalidUserName" time="3.693"/>
  <testcase classname="Framework.Desgin.Tests.LoginTest" name="loginWithEmptyCredentials" time="3.968"/>
  <testcase classname="Framework.Desgin.Tests.LoginTest" name="loginWithlock_outUserCredentials" time="4.465"/>
</testsuite> <!-- Framework.Desgin.Tests.LoginTest -->
