<?xml version="1.0" encoding="UTF-8"?>
<!-- Generated by org.testng.reporters.JUnitReportReporter -->
<testsuite hostname="DESKTOP-B961A44" failures="0" tests="1" name="Framework.Desgin.Tests.CheckoutpageTest" time="2.563" errors="0" timestamp="2025-07-17T17:15:20 GMT-04:00" skipped="0">
  <testcase classname="Framework.Desgin.Tests.CheckoutpageTest" name="testCheckoutPage" time="2.563"/>
</testsuite> <!-- Framework.Desgin.Tests.CheckoutpageTest -->
